0 info it worked if it ends with ok
1 verbose cli [ '/usr/bin/nodejs', '/usr/bin/npm', 'start' ]
2 info using npm@3.5.2
3 info using node@v4.2.6
4 verbose config Skipping project config: /home/ubuntu/.npmrc. (matches userconfig)
5 verbose run-script [ 'prestart', 'start', 'poststart' ]
6 info lifecycle ubuntu@1.0.0~prestart: ubuntu@1.0.0
7 silly lifecycle ubuntu@1.0.0~prestart: no script for prestart, continuing
8 info lifecycle ubuntu@1.0.0~start: ubuntu@1.0.0
9 verbose lifecycle ubuntu@1.0.0~start: unsafe-perm in lifecycle true
10 verbose lifecycle ubuntu@1.0.0~start: PATH: /usr/share/npm/bin/node-gyp-bin:/home/ubuntu/node_modules/.bin:/home/ubuntu/bin:/home/ubuntu/.local/bin:/usr/local/sbin:/usr/local/bin:/usr/sbin:/usr/bin:/sbin:/bin:/usr/games:/usr/local/games:/snap/bin
11 verbose lifecycle ubuntu@1.0.0~start: CWD: /home/ubuntu
12 silly lifecycle ubuntu@1.0.0~start: Args: [ '-c', 'node index.js' ]
13 silly lifecycle ubuntu@1.0.0~start: Returned: code: 143  signal: null
14 info lifecycle ubuntu@1.0.0~start: Failed to exec start script
15 verbose stack Error: ubuntu@1.0.0 start: `node index.js`
15 verbose stack Exit status 143
15 verbose stack     at EventEmitter.<anonymous> (/usr/share/npm/lib/utils/lifecycle.js:232:16)
15 verbose stack     at emitTwo (events.js:87:13)
15 verbose stack     at EventEmitter.emit (events.js:172:7)
15 verbose stack     at ChildProcess.<anonymous> (/usr/share/npm/lib/utils/spawn.js:24:14)
15 verbose stack     at emitTwo (events.js:87:13)
15 verbose stack     at ChildProcess.emit (events.js:172:7)
15 verbose stack     at maybeClose (internal/child_process.js:821:16)
15 verbose stack     at Process.ChildProcess._handle.onexit (internal/child_process.js:211:5)
16 verbose pkgid ubuntu@1.0.0
17 verbose cwd /home/ubuntu
18 error Linux 4.4.0-53-generic
19 error argv "/usr/bin/nodejs" "/usr/bin/npm" "start"
20 error node v4.2.6
21 error npm  v3.5.2
22 error code ELIFECYCLE
23 error ubuntu@1.0.0 start: `node index.js`
23 error Exit status 143
24 error Failed at the ubuntu@1.0.0 start script 'node index.js'.
24 error Make sure you have the latest version of node.js and npm installed.
24 error If you do, this is most likely a problem with the ubuntu package,
24 error not with npm itself.
24 error Tell the author that this fails on your system:
24 error     node index.js
24 error You can get information on how to open an issue for this project with:
24 error     npm bugs ubuntu
24 error Or if that isn't available, you can get their info via:
24 error     npm owner ls ubuntu
24 error There is likely additional logging output above.
25 verbose exit [ 1, true ]
